SLF4J: Class path contains multiple SLF4J bindings.
SLF4J: Found binding in [jar:file:/C:/Users/ADNAN%20ALI/.p2/pool/plugins/org.eclipse.m2e.maven.runtime.slf4j.simple_1.16.0.20200610-1735/jars/slf4j-simple-1.7.5.jar!/org/slf4j/impl/StaticLoggerBinder.class]
SLF4J: Found binding in [file:/C:/Users/ADNAN%20ALI/eclipse/java-2020-09/eclipse/configuration/org.eclipse.osgi/5/0/.cp/org/slf4j/impl/StaticLoggerBinder.class]
SLF4J: See http://www.slf4j.org/codes.html#multiple_bindings for an explanation.
SLF4J: Actual binding is of type [org.slf4j.impl.SimpleLoggerFactory]
SLF4J: Class path contains multiple SLF4J bindings.
SLF4J: Found binding in [jar:file:/C:/Users/ADNAN%20ALI/.p2/pool/plugins/org.eclipse.m2e.maven.runtime.slf4j.simple_1.16.0.20200610-1735/jars/slf4j-simple-1.7.5.jar!/org/slf4j/impl/StaticLoggerBinder.class]
SLF4J: Found binding in [file:/C:/Users/ADNAN%20ALI/eclipse/java-2020-09/eclipse/configuration/org.eclipse.osgi/5/0/.cp/org/slf4j/impl/StaticLoggerBinder.class]
SLF4J: See http://www.slf4j.org/codes.html#multiple_bindings for an explanation.
SLF4J: Actual binding is of type [org.slf4j.impl.SimpleLoggerFactory]
[INFO] Scanning for projects...
[INFO] 
[INFO] -----------------------< demo-mob:adnanalikhan >------------------------
[INFO] Building adnanalikhan 0.0.1-SNAPSHOT
[INFO] --------------------------------[ jar ]---------------------------------
[INFO] 
[INFO] --- maven-resources-plugin:2.6:resources (default-resources) @ adnanalikhan ---
[WARNING] Using platform encoding (Cp1252 actually) to copy filtered resources, i.e. build is platform dependent!
[INFO] Copying 0 resource
[INFO] 
[INFO] --- maven-compiler-plugin:3.1:compile (default-compile) @ adnanalikhan ---
[INFO] Nothing to compile - all classes are up to date
[INFO] 
[INFO] --- maven-resources-plugin:2.6:testResources (default-testResources) @ adnanalikhan ---
[WARNING] Using platform encoding (Cp1252 actually) to copy filtered resources, i.e. build is platform dependent!
[INFO] Copying 1 resource
[INFO] 
[INFO] --- maven-compiler-plugin:3.1:testCompile (default-testCompile) @ adnanalikhan ---
[INFO] Nothing to compile - all classes are up to date
[INFO] 
[INFO] --- maven-surefire-plugin:2.12.4:test (default-test) @ adnanalikhan ---
[INFO] Surefire report directory: G:\java\java-mob\adnanalikhan\target\surefire-reports

-------------------------------------------------------
 T E S T S
-------------------------------------------------------

Results :

Tests run: 0, Failures: 0, Errors: 0, Skipped: 0

[INFO] 
[INFO] --- maven-jar-plugin:2.4:jar (default-jar) @ adnanalikhan ---
[INFO] Building jar: G:\java\java-mob\adnanalikhan\target\adnanalikhan-0.0.1-SNAPSHOT.jar
[INFO] 
[INFO] --- maven-install-plugin:2.4:install (default-install) @ adnanalikhan ---
[INFO] Installing G:\java\java-mob\adnanalikhan\target\adnanalikhan-0.0.1-SNAPSHOT.jar to C:\Users\ADNAN ALI\.m2\repository\demo-mob\adnanalikhan\0.0.1-SNAPSHOT\adnanalikhan-0.0.1-SNAPSHOT.jar
[INFO] Installing G:\java\java-mob\adnanalikhan\pom.xml to C:\Users\ADNAN ALI\.m2\repository\demo-mob\adnanalikhan\0.0.1-SNAPSHOT\adnanalikhan-0.0.1-SNAPSHOT.pom
[INFO] ------------------------------------------------------------------------
[INFO] BUILD SUCCESS
[INFO] ------------------------------------------------------------------------
[INFO] Total time:  10.781 s
[INFO] Finished at: 2021-04-17T01:56:54+02:00
[INFO] ------------------------------------------------------------------------
